2023-08-28 04:39:56 I Ganda Print           "Connet 20568 successfully!!!"
2023-08-28 04:39:56 I Ganda Get_alltests    "Get project name:Gandalf id:20568 all testplans"
2023-08-28 04:40:31 I Ganda Get_alltests    "{9137407: {'id': 9137407, 'name': 'Apollo Nightly Test --- FCS Branch', 'archived': False, 'index': '9137407:Apollo Nightly Test --- FCS Branch'}, 10797488: {'id': 10797488, 'name': 'Apollo Nightly Test --- Master Branch', 'archived': False, 'index': '10797488:Apollo Nightly Test --- Master Branch'}, 9734136: {'id': 9734136, 'name': 'Apollo Release Test', 'archived': True, 'index': '9734136:Apollo Release Test'}, 10813474: {'id': 10813474, 'name': 'Apollo Release Test ', 'archived': False, 'index': '10813474:Apollo Release Test '}, 10551895: {'id': 10551895, 'name': 'Apollo Test Debug Internal', 'archived': True, 'index': '10551895:Apollo Test Debug Internal'}, 10201341: {'id': 10201341, 'name': 'APP UI - OOBE Installation flow - For sprint test', 'archived': False, 'index': '10201341:APP UI - OOBE Installation flow - For sprint test'}, 10101748: {'id': 10101748, 'name': 'APP UI - OOBE Installation flow - For workshop test', 'archived': True, 'index': '10101748:APP UI - OOBE Installation flow - For workshop test'}, 10418642: {'id': 10418642, 'name': 'APP UI - TeamsZoom Device settings ', 'archived': False, 'index': '10418642:APP UI - TeamsZoom Device settings '}, 10418649: {'id': 10418649, 'name': 'APP UIWeb UI - VBTC remote management ', 'archived': False, 'index': '10418649:APP UIWeb UI - VBTC remote management '}, 10461444: {'id': 10461444, 'name': 'As a user join or share content through Ultrasonic of TC', 'archived': False, 'index': '10461444:As a user join or share content through Ultrasonic of TC'}, 9339383: {'id': 9339383, 'name': 'Audio DVT Test Plan', 'archived': False, 'index': '9339383:Audio DVT Test Plan'}, 11013973: {'id': 11013973, 'name': 'Duplicate of Table Stand TT long storage. ', 'archived': False, 'index': '11013973:Duplicate of Table Stand TT long storage. '}, 8882194: {'id': 8882194, 'name': 'ESW Test plan', 'archived': False, 'index': '8882194:ESW Test plan'}, 9914695: {'id': 9914695, 'name': 'ESW Test plan - Teams Console Certification Test Plan v2', 'archived': True, 'index': '9914695:ESW Test plan - Teams Console Certification Test Plan v2'}, 10686934: {'id': 10686934, 'name': 'ESW Test plan - Teams Console Certification Test Plan v2.1 ', 'archived': False, 'index': '10686934:ESW Test plan - Teams Console Certification Test Plan v2.1 '}, 9914680: {'id': 9914680, 'name': 'ESW Test plan - Teams Rooms for Android Certification Test Plan v4', 'archived': True, 'index': '9914680:ESW Test plan - Teams Rooms for Android Certification Test Plan v4'}, 10740752: {'id': 10740752, 'name': 'ESW Test plan - Teams Rooms for Android Certification Test Plan v4.1', 'archived': False, 'index': '10740752:ESW Test plan - Teams Rooms for Android Certification Test Plan v4.1'}, 9914746: {'id': 9914746, 'name': 'ESW Test plan - Zoom Room Controller ZRC Certification v2', 'archived': False, 'index': '9914746:ESW Test plan - Zoom Room Controller ZRC Certification v2'}, 9914742: {'id': 9914742, 'name': 'ESW Test plan - Zoom Room for All-in-One device Certification v3', 'archived': False, 'index': '9914742:ESW Test plan - Zoom Room for All-in-One device Certification v3'}, 10707384: {'id': 10707384, 'name': 'ESW Test plan - Zoom Room Test cases related to third-party firmware Android_1.9', 'archived': False, 'index': '10707384:ESW Test plan - Zoom Room Test cases related to third-party firmware Android_1.9'}, 10014731: {'id': 10014731, 'name': 'Packaging Bulk  FG test plan', 'archived': False, 'index': '10014731:Packaging Bulk  FG test plan'}, 10340914: {'id': 10340914, 'name': 'Packaging Transportation Test', 'archived': False, 'index': '10340914:Packaging Transportation Test'}, 9649074: {'id': 9649074, 'name': 'Product Verification Test Plan - Control Panel', 'archived': False, 'index': '9649074:Product Verification Test Plan - Control Panel'}, 9051085: {'id': 9051085, 'name': 'Product Verification Test Plan - Control- and Scheduling Panel To be deleted', 'archived': True, 'index': '9051085:Product Verification Test Plan - Control- and Scheduling Panel To be deleted'}, 8782831: {'id': 8782831, 'name': 'Product Verification Test Plan - Video Bar', 'archived': False, 'index': '8782831:Product Verification Test Plan - Video Bar'}, 11013964: {'id': 11013964, 'name': 'Table Stand TT long storage. ', 'archived': False, 'index': '11013964:Table Stand TT long storage. '}, 9871905: {'id': 9871905, 'name': 'UX test plan', 'archived': False, 'index': '9871905:UX test plan'}, 10301069: {'id': 10301069, 'name': 'Video Bar Audio routing', 'archived': False, 'index': '10301069:Video Bar Audio routing'}, 10135351: {'id': 10135351, 'name': 'Video Test Plan - Functional - FCS', 'archived': False, 'index': '10135351:Video Test Plan - Functional - FCS'}, 10335304: {'id': 10335304, 'name': 'Video Test Plan - Non-Functional - FCS', 'archived': False, 'index': '10335304:Video Test Plan - Non-Functional - FCS'}, 10332066: {'id': 10332066, 'name': 'Video Test Plan - Video Quality and AI Features - FCS', 'archived': False, 'index': '10332066:Video Test Plan - Video Quality and AI Features - FCS'}, 9786596: {'id': 9786596, 'name': 'Wistron Acoustic Test Plan - TC', 'archived': False, 'index': '9786596:Wistron Acoustic Test Plan - TC'}, 9786265: {'id': 9786265, 'name': 'Wistron Acoustic Test Plan - Video Bar', 'archived': False, 'index': '9786265:Wistron Acoustic Test Plan - Video Bar'}, 9781888: {'id': 9781888, 'name': 'Wistron EE test plan - TC', 'archived': False, 'index': '9781888:Wistron EE test plan - TC'}, 9783714: {'id': 9783714, 'name': 'Wistron EE Test Plan - Video Bar', 'archived': False, 'index': '9783714:Wistron EE Test Plan - Video Bar'}, 9809222: {'id': 9809222, 'name': 'Wistron EMC Test Plan - Video Bar', 'archived': False, 'index': '9809222:Wistron EMC Test Plan - Video Bar'}, 9805073: {'id': 9805073, 'name': 'Wistron EMC Test Plan-TC ', 'archived': False, 'index': '9805073:Wistron EMC Test Plan-TC '}, 9844733: {'id': 9844733, 'name': 'Wistron Logo Test Plan - TC', 'archived': False, 'index': '9844733:Wistron Logo Test Plan - TC'}, 9776475: {'id': 9776475, 'name': 'Wistron Logo Test Plan - Video Bar', 'archived': False, 'index': '9776475:Wistron Logo Test Plan - Video Bar'}, 9994512: {'id': 9994512, 'name': 'Wistron Manufacturing Test Plan - TC', 'archived': False, 'index': '9994512:Wistron Manufacturing Test Plan - TC'}, 9993476: {'id': 9993476, 'name': 'Wistron Manufacturing Test Plan - Video Bar', 'archived': False, 'index': '9993476:Wistron Manufacturing Test Plan - Video Bar'}, 9777362: {'id': 9777362, 'name': 'Wistron Power Test Plan - TC', 'archived': False, 'index': '9777362:Wistron Power Test Plan - TC'}, 9806338: {'id': 9806338, 'name': 'Wistron Power Test Plan - Video Bar', 'archived': False, 'index': '9806338:Wistron Power Test Plan - Video Bar'}, 9773285: {'id': 9773285, 'name': 'Wistron QT Test Plan - TC', 'archived': False, 'index': '9773285:Wistron QT Test Plan - TC'}, 9720414: {'id': 9720414, 'name': 'Wistron QT Test Plan - Video Bar', 'archived': False, 'index': '9720414:Wistron QT Test Plan - Video Bar'}, 9786206: {'id': 9786206, 'name': 'Wistron RF Test Plan - TC', 'archived': False, 'index': '9786206:Wistron RF Test Plan - TC'}, 9786581: {'id': 9786581, 'name': 'Wistron RF Test Plan- Video Bar', 'archived': False, 'index': '9786581:Wistron RF Test Plan- Video Bar'}, 9843401: {'id': 9843401, 'name': 'Wistron Safety Test Plan - TC', 'archived': False, 'index': '9843401:Wistron Safety Test Plan - TC'}, 9809286: {'id': 9809286, 'name': 'Wistron Safety Test Plan - Video Bar', 'archived': False, 'index': '9809286:Wistron Safety Test Plan - Video Bar'}, 9242742: {'id': 9242742, 'name': 'Wistron SW Test Plan - Touch Control', 'archived': False, 'index': '9242742:Wistron SW Test Plan - Touch Control'}, 9241630: {'id': 9241630, 'name': 'Wistron SW Test Plan - Video Bar', 'archived': False, 'index': '9241630:Wistron SW Test Plan - Video Bar'}, 9852982: {'id': 9852982, 'name': 'Wistron Thermal Test Plan - TC', 'archived': False, 'index': '9852982:Wistron Thermal Test Plan - TC'}, 9852909: {'id': 9852909, 'name': 'Wistron Thermal Test Plan - Video Bar', 'archived': False, 'index': '9852909:Wistron Thermal Test Plan - Video Bar'}, 10155398: {'id': 10155398, 'name': 'TC Splash Screen  Boot Logo', 'archived': False, 'index': '10155398:TC Splash Screen  Boot Logo'}, 10155330: {'id': 10155330, 'name': 'VBSplash Screen  Boot Logo', 'archived': False, 'index': '10155330:VBSplash Screen  Boot Logo'}}"
2023-08-28 04:40:31 I Ganda Get_alltests    "Get project name:Gandalf id:20568 all testplans successful!!!"
2023-08-28 04:40:34 I Ganda Get_alltests    "Get testplan name:Apollo Nightly Test --- FCS Branch id:9137407 testcycles"
2023-08-28 04:40:40 I Ganda Get_alltests    "Get testplan name:Apollo Nightly Test --- FCS Branch id:9137407 testgroups"
2023-08-28 04:40:47 I Ganda Get_alltests    "Get testplan name:Apollo Nightly Test --- FCS Branch id:9137407 testruns"
2023-08-28 04:45:23 I Ganda Get_alltests    "Get testplan name:Apollo Nightly Test --- FCS Branch id:9137407 testcases"
2023-08-28 04:45:32 I Ganda Get_alltests    "Get testplan name:Apollo Nightly Test --- Master Branch id:10797488 testcycles"
2023-08-28 04:45:36 I Ganda Get_alltests    "Get testplan name:Apollo Nightly Test --- Master Branch id:10797488 testgroups"
2023-08-28 04:45:39 I Ganda Get_alltests    "Get testplan name:Apollo Nightly Test --- Master Branch id:10797488 testruns"
2023-08-28 04:47:56 I Ganda Get_alltests    "Get testplan name:Apollo Nightly Test --- Master Branch id:10797488 testcases"
2023-08-28 04:48:05 I Ganda Get_alltests    "Get testplan name:Apollo Release Test  id:10813474 testcycles"
2023-08-28 04:48:09 I Ganda Get_alltests    "Get testplan name:Apollo Release Test  id:10813474 testgroups"
2023-08-28 04:48:12 I Ganda Get_alltests    "Get testplan name:Apollo Release Test  id:10813474 testruns"
2023-08-28 04:48:26 I Ganda Get_alltests    "Get testplan name:Apollo Release Test  id:10813474 testcases"
2023-08-28 04:48:36 I Ganda Get_alltests    "Get testplan name:APP UI - OOBE Installation flow - For sprint test id:10201341 testcycles"
2023-08-28 04:48:52 I Ganda Get_alltests    "Get testplan name:APP UI - OOBE Installation flow - For sprint test id:10201341 testgroups"
2023-08-28 04:49:06 I Ganda Get_alltests    "Get testplan name:APP UI - OOBE Installation flow - For sprint test id:10201341 testruns"
2023-08-28 04:51:24 I Ganda Get_alltests    "Get testplan name:APP UI - OOBE Installation flow - For sprint test id:10201341 testcases"
2023-08-28 04:53:01 I Ganda Get_alltests    "Get testplan name:APP UI - TeamsZoom Device settings  id:10418642 testcycles"
2023-08-28 04:53:10 I Ganda Get_alltests    "Get testplan name:APP UI - TeamsZoom Device settings  id:10418642 testgroups"
2023-08-28 04:53:13 I Ganda Get_alltests    "Get testplan name:APP UI - TeamsZoom Device settings  id:10418642 testruns"
2023-08-28 04:56:11 I Ganda Get_alltests    "Get testplan name:APP UI - TeamsZoom Device settings  id:10418642 testcases"
2023-08-28 04:56:26 I Ganda Get_alltests    "Get testplan name:APP UIWeb UI - VBTC remote management  id:10418649 testcycles"
2023-08-28 04:56:31 I Ganda Get_alltests    "Get testplan name:APP UIWeb UI - VBTC remote management  id:10418649 testgroups"
2023-08-28 04:56:34 I Ganda Get_alltests    "Get testplan name:APP UIWeb UI - VBTC remote management  id:10418649 testruns"
2023-08-28 04:57:57 I Ganda Get_alltests    "Get testplan name:APP UIWeb UI - VBTC remote management  id:10418649 testcases"
2023-08-28 04:58:02 I Ganda Get_alltests    "Get testplan name:As a user join or share content through Ultrasonic of TC id:10461444 testcycles"
2023-08-28 04:58:05 I Ganda Get_alltests    "Get testplan name:As a user join or share content through Ultrasonic of TC id:10461444 testgroups"
2023-08-28 04:58:08 I Ganda Get_alltests    "Get testplan name:As a user join or share content through Ultrasonic of TC id:10461444 testruns"
2023-08-28 04:58:11 I Ganda Get_alltests    "Get testplan name:As a user join or share content through Ultrasonic of TC id:10461444 testcases"
2023-08-28 04:58:14 I Ganda Get_alltests    "Get testplan name:Audio DVT Test Plan id:9339383 testcycles"
2023-08-28 04:58:16 I Ganda Get_alltests    "Get testplan name:Audio DVT Test Plan id:9339383 testgroups"
2023-08-28 04:58:19 I Ganda Get_alltests    "Get testplan name:Audio DVT Test Plan id:9339383 testruns"
2023-08-28 04:58:27 I Ganda Get_alltests    "Get testplan name:Audio DVT Test Plan id:9339383 testcases"
2023-08-28 04:58:30 I Ganda Get_alltests    "Get testplan name:Duplicate of Table Stand TT long storage.  id:11013973 testcycles"
2023-08-28 04:58:33 I Ganda Get_alltests    "Get testplan name:Duplicate of Table Stand TT long storage.  id:11013973 testgroups"
2023-08-28 04:58:36 I Ganda Get_alltests    "Get testplan name:Duplicate of Table Stand TT long storage.  id:11013973 testruns"
2023-08-28 04:58:39 I Ganda Get_alltests    "Get testplan name:Duplicate of Table Stand TT long storage.  id:11013973 testcases"
2023-08-28 04:58:43 I Ganda Get_alltests    "Get testplan name:ESW Test plan id:8882194 testcycles"
2023-08-28 04:58:50 I Ganda Get_alltests    "Get testplan name:ESW Test plan id:8882194 testgroups"
2023-08-28 04:58:56 I Ganda Get_alltests    "Get testplan name:ESW Test plan id:8882194 testruns"
2023-08-28 04:59:37 I Ganda Get_alltests    "Get testplan name:ESW Test plan id:8882194 testcases"
2023-08-28 05:00:02 I Ganda Get_alltests    "Get testplan name:ESW Test plan - Teams Console Certification Test Plan v2.1  id:10686934 testcycles"
2023-08-28 05:00:06 I Ganda Get_alltests    "Get testplan name:ESW Test plan - Teams Console Certification Test Plan v2.1  id:10686934 testgroups"
2023-08-28 05:00:09 I Ganda Get_alltests    "Get testplan name:ESW Test plan - Teams Console Certification Test Plan v2.1  id:10686934 testruns"
2023-08-28 05:00:41 I Ganda Get_alltests    "Get testplan name:ESW Test plan - Teams Console Certification Test Plan v2.1  id:10686934 testcases"
2023-08-28 05:00:52 I Ganda Get_alltests    "Get testplan name:ESW Test plan - Teams Rooms for Android Certification Test Plan v4.1 id:10740752 testcycles"
2023-08-28 05:00:55 I Ganda Get_alltests    "Get testplan name:ESW Test plan - Teams Rooms for Android Certification Test Plan v4.1 id:10740752 testgroups"
2023-08-28 05:00:59 I Ganda Get_alltests    "Get testplan name:ESW Test plan - Teams Rooms for Android Certification Test Plan v4.1 id:10740752 testruns"
2023-08-28 05:01:22 I Ganda Get_alltests    "Get testplan name:ESW Test plan - Teams Rooms for Android Certification Test Plan v4.1 id:10740752 testcases"
2023-08-28 05:01:32 I Ganda Get_alltests    "Get testplan name:ESW Test plan - Zoom Room Controller ZRC Certification v2 id:9914746 testcycles"
2023-08-28 05:01:36 I Ganda Get_alltests    "Get testplan name:ESW Test plan - Zoom Room Controller ZRC Certification v2 id:9914746 testgroups"
2023-08-28 05:01:40 I Ganda Get_alltests    "Get testplan name:ESW Test plan - Zoom Room Controller ZRC Certification v2 id:9914746 testruns"
2023-08-28 05:02:12 I Ganda Get_alltests    "Get testplan name:ESW Test plan - Zoom Room Controller ZRC Certification v2 id:9914746 testcases"
2023-08-28 05:02:25 I Ganda Get_alltests    "Get testplan name:ESW Test plan - Zoom Room for All-in-One device Certification v3 id:9914742 testcycles"
2023-08-28 05:02:28 I Ganda Get_alltests    "Get testplan name:ESW Test plan - Zoom Room for All-in-One device Certification v3 id:9914742 testgroups"
2023-08-28 05:02:31 I Ganda Get_alltests    "Get testplan name:ESW Test plan - Zoom Room for All-in-One device Certification v3 id:9914742 testruns"
2023-08-28 05:02:57 I Ganda Get_alltests    "Get testplan name:ESW Test plan - Zoom Room for All-in-One device Certification v3 id:9914742 testcases"
2023-08-28 05:03:06 I Ganda Get_alltests    "Get testplan name:ESW Test plan - Zoom Room Test cases related to third-party firmware Android_1.9 id:10707384 testcycles"
2023-08-28 05:03:10 I Ganda Get_alltests    "Get testplan name:ESW Test plan - Zoom Room Test cases related to third-party firmware Android_1.9 id:10707384 testgroups"
2023-08-28 05:03:14 I Ganda Get_alltests    "Get testplan name:ESW Test plan - Zoom Room Test cases related to third-party firmware Android_1.9 id:10707384 testruns"
2023-08-28 05:03:41 I Ganda Get_alltests    "Get testplan name:ESW Test plan - Zoom Room Test cases related to third-party firmware Android_1.9 id:10707384 testcases"
2023-08-28 05:03:50 I Ganda Get_alltests    "Get testplan name:Packaging Bulk  FG test plan id:10014731 testcycles"
2023-08-28 05:03:54 I Ganda Get_alltests    "Get testplan name:Packaging Bulk  FG test plan id:10014731 testgroups"
2023-08-28 05:03:57 I Ganda Get_alltests    "Get testplan name:Packaging Bulk  FG test plan id:10014731 testruns"
2023-08-28 05:04:03 I Ganda Get_alltests    "Get testplan name:Packaging Bulk  FG test plan id:10014731 testcases"
2023-08-28 05:04:06 I Ganda Get_alltests    "Get testplan name:Packaging Transportation Test id:10340914 testcycles"
2023-08-28 05:04:08 I Ganda Get_alltests    "Get testplan name:Packaging Transportation Test id:10340914 testgroups"
2023-08-28 05:04:10 I Ganda Get_alltests    "Get testplan name:Packaging Transportation Test id:10340914 testruns"
2023-08-28 05:04:44 I Ganda Get_alltests    "Get testplan name:Packaging Transportation Test id:10340914 testcases"
2023-08-28 05:04:48 I Ganda Get_alltests    "Get testplan name:Product Verification Test Plan - Control Panel id:9649074 testcycles"
2023-08-28 05:04:50 I Ganda Get_alltests    "Get testplan name:Product Verification Test Plan - Control Panel id:9649074 testgroups"
2023-08-28 05:04:52 I Ganda Get_alltests    "Get testplan name:Product Verification Test Plan - Control Panel id:9649074 testruns"
2023-08-28 05:05:32 I Ganda Get_alltests    "Get testplan name:Product Verification Test Plan - Control Panel id:9649074 testcases"
2023-08-28 05:05:54 I Ganda Get_alltests    "Get testplan name:Product Verification Test Plan - Video Bar id:8782831 testcycles"
2023-08-28 05:05:56 I Ganda Get_alltests    "Get testplan name:Product Verification Test Plan - Video Bar id:8782831 testgroups"
2023-08-28 05:05:59 I Ganda Get_alltests    "Get testplan name:Product Verification Test Plan - Video Bar id:8782831 testruns"
2023-08-28 05:08:51 I Ganda Get_alltests    "Get testplan name:Product Verification Test Plan - Video Bar id:8782831 testcases"
2023-08-28 05:09:00 I Ganda Get_alltests    "Get testplan name:Table Stand TT long storage.  id:11013964 testcycles"
2023-08-28 05:09:02 I Ganda Get_alltests    "Get testplan name:Table Stand TT long storage.  id:11013964 testgroups"
2023-08-28 05:09:05 I Ganda Get_alltests    "Get testplan name:Table Stand TT long storage.  id:11013964 testruns"
2023-08-28 05:09:07 I Ganda Get_alltests    "Get testplan name:Table Stand TT long storage.  id:11013964 testcases"
2023-08-28 05:09:09 I Ganda Get_alltests    "Get testplan name:UX test plan id:9871905 testcycles"
2023-08-28 05:09:11 I Ganda Get_alltests    "Get testplan name:UX test plan id:9871905 testgroups"
2023-08-28 05:09:13 I Ganda Get_alltests    "Get testplan name:UX test plan id:9871905 testruns"
2023-08-28 05:09:20 I Ganda Get_alltests    "Get testplan name:UX test plan id:9871905 testcases"
2023-08-28 05:09:23 I Ganda Get_alltests    "Get testplan name:Video Bar Audio routing id:10301069 testcycles"
2023-08-28 05:09:26 I Ganda Get_alltests    "Get testplan name:Video Bar Audio routing id:10301069 testgroups"
2023-08-28 05:09:29 I Ganda Get_alltests    "Get testplan name:Video Bar Audio routing id:10301069 testruns"
2023-08-28 05:09:31 I Ganda Get_alltests    "Get testplan name:Video Bar Audio routing id:10301069 testcases"
2023-08-28 05:09:34 I Ganda Get_alltests    "Get testplan name:Video Test Plan - Functional - FCS id:10135351 testcycles"
2023-08-28 05:09:36 I Ganda Get_alltests    "Get testplan name:Video Test Plan - Functional - FCS id:10135351 testgroups"
2023-08-28 05:09:41 I Ganda Get_alltests    "Get testplan name:Video Test Plan - Functional - FCS id:10135351 testruns"
2023-08-28 05:11:56 I Ganda Get_alltests    "Get testplan name:Video Test Plan - Functional - FCS id:10135351 testcases"
2023-08-28 05:12:12 I Ganda Get_alltests    "Get testplan name:Video Test Plan - Non-Functional - FCS id:10335304 testcycles"
2023-08-28 05:12:15 I Ganda Get_alltests    "Get testplan name:Video Test Plan - Non-Functional - FCS id:10335304 testgroups"
2023-08-28 05:12:19 I Ganda Get_alltests    "Get testplan name:Video Test Plan - Non-Functional - FCS id:10335304 testruns"
2023-08-28 05:13:09 I Ganda Get_alltests    "Get testplan name:Video Test Plan - Non-Functional - FCS id:10335304 testcases"
2023-08-28 05:13:13 I Ganda Get_alltests    "Get testplan name:Video Test Plan - Video Quality and AI Features - FCS id:10332066 testcycles"
2023-08-28 05:13:16 I Ganda Get_alltests    "Get testplan name:Video Test Plan - Video Quality and AI Features - FCS id:10332066 testgroups"
2023-08-28 05:13:22 I Ganda Get_alltests    "Get testplan name:Video Test Plan - Video Quality and AI Features - FCS id:10332066 testruns"
2023-08-28 05:14:54 I Ganda Get_alltests    "Get testplan name:Video Test Plan - Video Quality and AI Features - FCS id:10332066 testcases"
2023-08-28 05:15:15 I Ganda Get_alltests    "Get testplan name:Wistron Acoustic Test Plan - TC id:9786596 testcycles"
2023-08-28 05:15:18 I Ganda Get_alltests    "Get testplan name:Wistron Acoustic Test Plan - TC id:9786596 testgroups"
2023-08-28 05:15:22 I Ganda Get_alltests    "Get testplan name:Wistron Acoustic Test Plan - TC id:9786596 testruns"
2023-08-28 05:15:28 I Ganda Get_alltests    "Get testplan name:Wistron Acoustic Test Plan - TC id:9786596 testcases"
2023-08-28 05:15:30 I Ganda Get_alltests    "Get testplan name:Wistron Acoustic Test Plan - Video Bar id:9786265 testcycles"
2023-08-28 05:15:32 I Ganda Get_alltests    "Get testplan name:Wistron Acoustic Test Plan - Video Bar id:9786265 testgroups"
2023-08-28 05:15:35 I Ganda Get_alltests    "Get testplan name:Wistron Acoustic Test Plan - Video Bar id:9786265 testruns"
2023-08-28 05:15:43 I Ganda Get_alltests    "Get testplan name:Wistron Acoustic Test Plan - Video Bar id:9786265 testcases"
2023-08-28 05:15:45 I Ganda Get_alltests    "Get testplan name:Wistron EE test plan - TC id:9781888 testcycles"
2023-08-28 05:15:48 I Ganda Get_alltests    "Get testplan name:Wistron EE test plan - TC id:9781888 testgroups"
2023-08-28 05:15:50 I Ganda Get_alltests    "Get testplan name:Wistron EE test plan - TC id:9781888 testruns"
2023-08-28 05:15:59 I Ganda Get_alltests    "Get testplan name:Wistron EE test plan - TC id:9781888 testcases"
2023-08-28 05:16:01 I Ganda Get_alltests    "Get testplan name:Wistron EE Test Plan - Video Bar id:9783714 testcycles"
2023-08-28 05:16:04 I Ganda Get_alltests    "Get testplan name:Wistron EE Test Plan - Video Bar id:9783714 testgroups"
2023-08-28 05:16:06 I Ganda Get_alltests    "Get testplan name:Wistron EE Test Plan - Video Bar id:9783714 testruns"
2023-08-28 05:16:17 I Ganda Get_alltests    "Get testplan name:Wistron EE Test Plan - Video Bar id:9783714 testcases"
2023-08-28 05:16:25 I Ganda Get_alltests    "Get testplan name:Wistron EMC Test Plan - Video Bar id:9809222 testcycles"
2023-08-28 05:16:28 I Ganda Get_alltests    "Get testplan name:Wistron EMC Test Plan - Video Bar id:9809222 testgroups"
2023-08-28 05:16:31 I Ganda Get_alltests    "Get testplan name:Wistron EMC Test Plan - Video Bar id:9809222 testruns"
2023-08-28 05:16:39 I Ganda Get_alltests    "Get testplan name:Wistron EMC Test Plan - Video Bar id:9809222 testcases"
2023-08-28 05:16:41 I Ganda Get_alltests    "Get testplan name:Wistron EMC Test Plan-TC  id:9805073 testcycles"
2023-08-28 05:16:44 I Ganda Get_alltests    "Get testplan name:Wistron EMC Test Plan-TC  id:9805073 testgroups"
2023-08-28 05:16:46 I Ganda Get_alltests    "Get testplan name:Wistron EMC Test Plan-TC  id:9805073 testruns"
2023-08-28 05:16:53 I Ganda Get_alltests    "Get testplan name:Wistron EMC Test Plan-TC  id:9805073 testcases"
2023-08-28 05:16:55 I Ganda Get_alltests    "Get testplan name:Wistron Logo Test Plan - TC id:9844733 testcycles"
2023-08-28 05:16:57 I Ganda Get_alltests    "Get testplan name:Wistron Logo Test Plan - TC id:9844733 testgroups"
2023-08-28 05:16:59 I Ganda Get_alltests    "Get testplan name:Wistron Logo Test Plan - TC id:9844733 testruns"
2023-08-28 05:17:01 I Ganda Get_alltests    "Get testplan name:Wistron Logo Test Plan - TC id:9844733 testcases"
2023-08-28 05:17:03 I Ganda Get_alltests    "Get testplan name:Wistron Logo Test Plan - Video Bar id:9776475 testcycles"
2023-08-28 05:17:05 I Ganda Get_alltests    "Get testplan name:Wistron Logo Test Plan - Video Bar id:9776475 testgroups"
2023-08-28 05:17:07 I Ganda Get_alltests    "Get testplan name:Wistron Logo Test Plan - Video Bar id:9776475 testruns"
2023-08-28 05:17:10 I Ganda Get_alltests    "Get testplan name:Wistron Logo Test Plan - Video Bar id:9776475 testcases"
2023-08-28 05:17:12 I Ganda Get_alltests    "Get testplan name:Wistron Manufacturing Test Plan - TC id:9994512 testcycles"
2023-08-28 05:17:15 I Ganda Get_alltests    "Get testplan name:Wistron Manufacturing Test Plan - TC id:9994512 testgroups"
2023-08-28 05:17:17 I Ganda Get_alltests    "Get testplan name:Wistron Manufacturing Test Plan - TC id:9994512 testruns"
2023-08-28 05:17:25 I Ganda Get_alltests    "Get testplan name:Wistron Manufacturing Test Plan - TC id:9994512 testcases"
2023-08-28 05:17:29 I Ganda Get_alltests    "Get testplan name:Wistron Manufacturing Test Plan - Video Bar id:9993476 testcycles"
2023-08-28 05:17:33 I Ganda Get_alltests    "Get testplan name:Wistron Manufacturing Test Plan - Video Bar id:9993476 testgroups"
2023-08-28 05:17:36 I Ganda Get_alltests    "Get testplan name:Wistron Manufacturing Test Plan - Video Bar id:9993476 testruns"
2023-08-28 05:17:46 I Ganda Get_alltests    "Get testplan name:Wistron Manufacturing Test Plan - Video Bar id:9993476 testcases"
2023-08-28 05:17:53 I Ganda Get_alltests    "Get testplan name:Wistron Power Test Plan - TC id:9777362 testcycles"
2023-08-28 05:17:56 I Ganda Get_alltests    "Get testplan name:Wistron Power Test Plan - TC id:9777362 testgroups"
2023-08-28 05:18:00 I Ganda Get_alltests    "Get testplan name:Wistron Power Test Plan - TC id:9777362 testruns"
2023-08-28 05:18:06 I Ganda Get_alltests    "Get testplan name:Wistron Power Test Plan - TC id:9777362 testcases"
2023-08-28 05:18:08 I Ganda Get_alltests    "Get testplan name:Wistron Power Test Plan - Video Bar id:9806338 testcycles"
2023-08-28 05:18:10 I Ganda Get_alltests    "Get testplan name:Wistron Power Test Plan - Video Bar id:9806338 testgroups"
2023-08-28 05:18:13 I Ganda Get_alltests    "Get testplan name:Wistron Power Test Plan - Video Bar id:9806338 testruns"
2023-08-28 05:18:18 I Ganda Get_alltests    "Get testplan name:Wistron Power Test Plan - Video Bar id:9806338 testcases"
2023-08-28 05:18:21 I Ganda Get_alltests    "Get testplan name:Wistron QT Test Plan - TC id:9773285 testcycles"
2023-08-28 05:18:23 I Ganda Get_alltests    "Get testplan name:Wistron QT Test Plan - TC id:9773285 testgroups"
2023-08-28 05:18:25 I Ganda Get_alltests    "Get testplan name:Wistron QT Test Plan - TC id:9773285 testruns"
2023-08-28 05:18:37 I Ganda Get_alltests    "Get testplan name:Wistron QT Test Plan - TC id:9773285 testcases"
2023-08-28 05:18:45 I Ganda Get_alltests    "Get testplan name:Wistron QT Test Plan - Video Bar id:9720414 testcycles"
2023-08-28 05:18:48 I Ganda Get_alltests    "Get testplan name:Wistron QT Test Plan - Video Bar id:9720414 testgroups"
2023-08-28 05:18:52 I Ganda Get_alltests    "Get testplan name:Wistron QT Test Plan - Video Bar id:9720414 testruns"
2023-08-28 05:19:05 I Ganda Get_alltests    "Get testplan name:Wistron QT Test Plan - Video Bar id:9720414 testcases"
2023-08-28 05:19:13 I Ganda Get_alltests    "Get testplan name:Wistron RF Test Plan - TC id:9786206 testcycles"
2023-08-28 05:19:17 I Ganda Get_alltests    "Get testplan name:Wistron RF Test Plan - TC id:9786206 testgroups"
2023-08-28 05:19:20 I Ganda Get_alltests    "Get testplan name:Wistron RF Test Plan - TC id:9786206 testruns"
2023-08-28 05:19:26 I Ganda Get_alltests    "Get testplan name:Wistron RF Test Plan - TC id:9786206 testcases"
2023-08-28 05:19:28 I Ganda Get_alltests    "Get testplan name:Wistron RF Test Plan- Video Bar id:9786581 testcycles"
2023-08-28 05:19:30 I Ganda Get_alltests    "Get testplan name:Wistron RF Test Plan- Video Bar id:9786581 testgroups"
2023-08-28 05:19:32 I Ganda Get_alltests    "Get testplan name:Wistron RF Test Plan- Video Bar id:9786581 testruns"
2023-08-28 05:19:39 I Ganda Get_alltests    "Get testplan name:Wistron RF Test Plan- Video Bar id:9786581 testcases"
2023-08-28 05:19:42 I Ganda Get_alltests    "Get testplan name:Wistron Safety Test Plan - TC id:9843401 testcycles"
2023-08-28 05:19:45 I Ganda Get_alltests    "Get testplan name:Wistron Safety Test Plan - TC id:9843401 testgroups"
2023-08-28 05:19:48 I Ganda Get_alltests    "Get testplan name:Wistron Safety Test Plan - TC id:9843401 testruns"
2023-08-28 05:19:54 I Ganda Get_alltests    "Get testplan name:Wistron Safety Test Plan - TC id:9843401 testcases"
2023-08-28 05:19:57 I Ganda Get_alltests    "Get testplan name:Wistron Safety Test Plan - Video Bar id:9809286 testcycles"
2023-08-28 05:20:00 I Ganda Get_alltests    "Get testplan name:Wistron Safety Test Plan - Video Bar id:9809286 testgroups"
2023-08-28 05:20:02 I Ganda Get_alltests    "Get testplan name:Wistron Safety Test Plan - Video Bar id:9809286 testruns"
2023-08-28 05:20:08 I Ganda Get_alltests    "Get testplan name:Wistron Safety Test Plan - Video Bar id:9809286 testcases"
2023-08-28 05:20:11 I Ganda Get_alltests    "Get testplan name:Wistron SW Test Plan - Touch Control id:9242742 testcycles"
2023-08-28 05:20:15 I Ganda Get_alltests    "Get testplan name:Wistron SW Test Plan - Touch Control id:9242742 testgroups"
2023-08-28 05:20:17 I Ganda Get_alltests    "Get testplan name:Wistron SW Test Plan - Touch Control id:9242742 testruns"
2023-08-28 05:20:35 I Ganda Get_alltests    "Get testplan name:Wistron SW Test Plan - Touch Control id:9242742 testcases"
2023-08-28 05:20:40 I Ganda Get_alltests    "Get testplan name:Wistron SW Test Plan - Video Bar id:9241630 testcycles"
2023-08-28 05:20:49 I Ganda Get_alltests    "Get testplan name:Wistron SW Test Plan - Video Bar id:9241630 testgroups"
2023-08-28 05:20:52 I Ganda Get_alltests    "Get testplan name:Wistron SW Test Plan - Video Bar id:9241630 testruns"
2023-08-28 05:21:10 I Ganda Get_alltests    "Get testplan name:Wistron SW Test Plan - Video Bar id:9241630 testcases"
2023-08-28 05:21:33 I Ganda Get_alltests    "Get testplan name:Wistron Thermal Test Plan - TC id:9852982 testcycles"
2023-08-28 05:21:35 I Ganda Get_alltests    "Get testplan name:Wistron Thermal Test Plan - TC id:9852982 testgroups"
2023-08-28 05:21:37 I Ganda Get_alltests    "Get testplan name:Wistron Thermal Test Plan - TC id:9852982 testruns"
2023-08-28 05:21:42 I Ganda Get_alltests    "Get testplan name:Wistron Thermal Test Plan - TC id:9852982 testcases"
2023-08-28 05:21:44 I Ganda Get_alltests    "Get testplan name:Wistron Thermal Test Plan - Video Bar id:9852909 testcycles"
2023-08-28 05:21:46 I Ganda Get_alltests    "Get testplan name:Wistron Thermal Test Plan - Video Bar id:9852909 testgroups"
2023-08-28 05:21:49 I Ganda Get_alltests    "Get testplan name:Wistron Thermal Test Plan - Video Bar id:9852909 testruns"
2023-08-28 05:21:54 I Ganda Get_alltests    "Get testplan name:Wistron Thermal Test Plan - Video Bar id:9852909 testcases"
2023-08-28 05:21:57 I Ganda Get_alltests    "Get testplan name:TC Splash Screen  Boot Logo id:10155398 testcycles"
2023-08-28 05:21:59 I Ganda Get_alltests    "Get testplan name:TC Splash Screen  Boot Logo id:10155398 testgroups"
2023-08-28 05:22:01 I Ganda Get_alltests    "Get testplan name:TC Splash Screen  Boot Logo id:10155398 testruns"
2023-08-28 05:22:06 I Ganda Get_alltests    "Get testplan name:TC Splash Screen  Boot Logo id:10155398 testcases"
2023-08-28 05:22:08 I Ganda Get_alltests    "Get testplan name:VBSplash Screen  Boot Logo id:10155330 testcycles"
2023-08-28 05:22:10 I Ganda Get_alltests    "Get testplan name:VBSplash Screen  Boot Logo id:10155330 testgroups"
2023-08-28 05:22:12 I Ganda Get_alltests    "Get testplan name:VBSplash Screen  Boot Logo id:10155330 testruns"
2023-08-28 05:22:17 I Ganda Get_alltests    "Get testplan name:VBSplash Screen  Boot Logo id:10155330 testcases"
2023-08-28 05:22:19 I Ganda Print           "DROP TABLE IF EXISTS testcases:successful"
2023-08-28 05:22:19 I Ganda Print           "CREATE TABLE IF NOT EXISTS testcases (                             testplan_id INT,                             testplan_name TEXT,                             testgroup_id INT,                             testgroup_name TEXT,                             testcycle_id INT,                             testcycle_name TEXT,                             rel TEXT,                             id INT,                             uniqueid TEXT,                             name TEXT,                             status TEXT,                             upstream TEXT,                             downstream TEXT,                             executionDate TEXT) ENGINE=InnoDB DEFAULT CHARSET=utf8:successful"
2023-08-28 05:22:20 I Ganda Print           "Failed processing format-parameters; Python 'list' cannot be converted to a MySQL type"
2023-08-28 05:22:20 I Ganda update_database "Insert testcases table successful"
2023-08-28 05:22:20 I Ganda Print           "CREATE TABLE IF NOT EXISTS tests (                             testplan_id INT,                             testplan_name TEXT,                             testplan_status TEXT,                             rel TEXT, status TEXT,                             count INT, date TEXT) ENGINE=InnoDB DEFAULT CHARSET=utf8:successful"
2023-08-28 05:22:20 I Ganda Print           "DELETE FROM tests WHERE date='2023-08-28':successful"
2023-08-28 05:22:20 I Ganda Print           "SELECT testplan_id FROM tests GROUP BY testplan_id:successful"
2023-08-28 05:22:20 I Ganda Print           "INSERT INTO tests (testplan_id, testplan_name, testplan_status, rel, status, count, date) SELECT testplan_id, testplan_name, 'Active' as testplan_status, rel, status, count((@rn := @rn + 1)) as count, '2023-08-28' as date FROM testcases cross join (select @rn := 0) const GROUP BY testplan_id, rel, status:successful"
2023-08-28 05:22:20 I Ganda update_database "Insert tests table successful"
2023-08-28 05:22:20 I Ganda Print           "CREATE TABLE IF NOT EXISTS testapproval (                                 rel TEXT, team TEXT, status TEXT, upstream TEXT, count INT, date TEXT                                 ) ENGINE=InnoDB DEFAULT CHARSET=utf8:successful"
2023-08-28 05:22:20 I Ganda Print           "DROP TABLE IF EXISTS alltestapproval:successful"
2023-08-28 05:22:20 I Ganda Print           "CREATE TABLE IF NOT EXISTS alltestapproval (                                 id INT, uniqueid TEXT, name TEXT, status TEXT, rel TEXT, team TEXT, upstream TEXT                                 ) ENGINE=InnoDB DEFAULT CHARSET=utf8:successful"
2023-08-28 05:22:20 I Ganda Print           "DELETE FROM testapproval WHERE date='2023-08-28':successful"
2023-08-28 05:22:20 I Ganda Print           "INSERT INTO testapproval (rel, team, status, count, date, upstream) SELECT rel, team, status, count((@rn := @rn + 1)) as count, '2023-08-28' as date, upstream FROM alltestapproval cross join (select @rn := 0) const GROUP BY rel, team, status, upstream:successful"
2023-08-28 05:55:39 I Ganda Print           "Connet 20568 successfully!!!"
2023-08-28 05:55:42 I Ganda Get_alluserstor "[]"
2023-08-28 05:55:42 I Ganda Print           "CREATE TABLE IF NOT EXISTS userstories (                 rel TEXT, status TEXT, count INT, date TEXT) ENGINE=InnoDB DEFAULT CHARSET=utf8:successful"
2023-08-28 05:55:42 I Ganda Print           "CREATE TABLE IF NOT EXISTS alluserstories (                 id INT, uniqueid TEXT, name TEXT, status TEXT, rel TEXT) ENGINE=InnoDB DEFAULT CHARSET=utf8:successful"
2023-08-28 05:55:42 I Ganda Print           "DELETE FROM userstories WHERE date='2023-08-28':successful"
2023-08-28 05:55:42 I Ganda Print           "INSERT INTO userstories (rel, status, count, date) SELECT rel, status, count((@rn := @rn + 1)) as count, '2023-08-28' as date FROM alluserstories cross join (select @rn := 0) const GROUP BY rel, status:successful"
2023-08-28 05:57:29 I Ganda get_multipickli "ESW Platform Test don't find the mainteam name from G_parameter"
2023-08-28 05:58:49 I Ganda get_multipickli "ESW Platform Test don't find the mainteam name from G_parameter"
2023-08-28 06:01:10 I Ganda get_multipickli "ESW Platform Test don't find the mainteam name from G_parameter"
2023-08-28 06:08:54 I Ganda get_multipickli "ESW Platform Test don't find the mainteam name from G_parameter"
2023-08-28 06:15:26 I Ganda get_multipickli "Unassigned don't find the mainteam name from G_parameter"
2023-08-28 06:25:05 I Ganda get_multipickli "Unassigned don't find the mainteam name from G_parameter"
2023-08-28 06:25:23 I Ganda get_multipickli "Unassigned don't find the mainteam name from G_parameter"
2023-08-28 06:25:42 I Ganda get_multipickli "Unassigned don't find the mainteam name from G_parameter"
2023-08-28 06:25:59 I Ganda get_multipickli "Unassigned don't find the mainteam name from G_parameter"
2023-08-28 06:26:18 I Ganda get_multipickli "Unassigned don't find the mainteam name from G_parameter"
2023-08-28 06:27:16 I Ganda get_multipickli "Unassigned don't find the mainteam name from G_parameter"
2023-08-28 06:27:33 I Ganda get_multipickli "Unassigned don't find the mainteam name from G_parameter"
2023-08-28 06:27:50 I Ganda get_multipickli "Unassigned don't find the mainteam name from G_parameter"
2023-08-28 06:28:08 I Ganda get_multipickli "Unassigned don't find the mainteam name from G_parameter"
2023-08-28 06:28:14 I Ganda get_multipickli "Unassigned don't find the mainteam name from G_parameter"
2023-08-28 06:28:20 I Ganda get_multipickli "Unassigned don't find the mainteam name from G_parameter"
2023-08-28 06:28:26 I Ganda get_multipickli "Unassigned don't find the mainteam name from G_parameter"
2023-08-28 06:28:33 I Ganda get_multipickli "Unassigned don't find the mainteam name from G_parameter"
2023-08-28 06:35:32 I Ganda get_multipickli "Unassigned don't find the mainteam name from G_parameter"
2023-08-28 06:35:38 I Ganda get_multipickli "Unassigned don't find the mainteam name from G_parameter"
